#
# There is insufficient memory for the Java Runtime Environment to continue.
# Native memory allocation (malloc) failed to allocate 32744 bytes for ChunkPool::allocate
# Possible reasons:
#   The system is out of physical RAM or swap space
#   The process is running with CompressedOops enabled, and the Java Heap may be blocking the growth of the native heap
# Possible solutions:
#   Reduce memory load on the system
#   Increase physical memory or swap space
#   Check if swap backing store is full
#   Decrease Java heap size (-Xmx/-Xms)
#   Decrease number of Java threads
#   Decrease Java thread stack sizes (-Xss)
#   Set larger code cache with -XX:ReservedCodeCacheSize=
#   JVM is running with Unscaled Compressed Oops mode in which the Java heap is
#     placed in the first 4GB address space. The Java Heap base address is the
#     maximum limit for the native heap growth. Please use -XX:HeapBaseMinAddress
#     to set the Java Heap base and to place the Java Heap above 4GB virtual address.
# This output file may be truncated or incomplete.
#
#  Out of Memory Error (allocation.cpp:272), pid=6420, tid=0x0000000000001f50
#
# JRE version: Java(TM) SE Runtime Environment (8.0_211-b12) (build 1.8.0_211-b12)
# Java VM: Java HotSpot(TM) 64-Bit Server VM (25.211-b12 mixed mode windows-amd64 compressed oops)
# Failed to write core dump. Minidumps are not enabled by default on client versions of Windows
#

---------------  T H R E A D  ---------------

Current thread (0x0000000002905000):  JavaThread "main" [_thread_in_vm, id=8016, stack(0x00000000027e0000,0x00000000028e0000)]

Stack: [0x00000000027e0000,0x00000000028e0000]
[error occurred during error reporting (printing stack bounds), id 0xc0000005]

Native frames: (J=compiled Java code, j=interpreted, Vv=VM code, C=native code)

Java frames: (J=compiled Java code, j=interpreted, Vv=VM code)
J 935  java.lang.ClassLoader.defineClass1(Ljava/lang/String;[BIILjava/security/ProtectionDomain;Ljava/lang/String;)Ljava/lang/Class; (0 bytes) @ 0x0000000002c70bdf [0x0000000002c70b40+0x9f]
J 716 C1 java.lang.ClassLoader.defineClass(Ljava/lang/String;[BIILjava/security/ProtectionDomain;)Ljava/lang/Class; (43 bytes) @ 0x0000000002c19b9c [0x0000000002c19aa0+0xfc]
J 721 C1 java.net.URLClassLoader.defineClass(Ljava/lang/String;Lsun/misc/Resource;)Ljava/lang/Class; (142 bytes) @ 0x0000000002c1c88c [0x0000000002c1bec0+0x9cc]
J 663 C1 java.net.URLClassLoader$1.run()Ljava/lang/Class; (63 bytes) @ 0x0000000002c029b4 [0x0000000002c02900+0xb4]
J 662 C1 java.net.URLClassLoader$1.run()Ljava/lang/Object; (5 bytes) @ 0x0000000002c025d4 [0x0000000002c025a0+0x34]
v  ~StubRoutines::call_stub
J 538  java.security.AccessController.doPrivileged(Ljava/security/PrivilegedExceptionAction;Ljava/security/AccessControlContext;)Ljava/lang/Object; (0 bytes) @ 0x0000000002bc8e66 [0x0000000002bc8e00+0x66]
J 611 C1 java.net.URLClassLoader.findClass(Ljava/lang/String;)Ljava/lang/Class; (47 bytes) @ 0x0000000002befbb4 [0x0000000002befb00+0xb4]
J 505 C1 java.lang.ClassLoader.loadClass(Ljava/lang/String;Z)Ljava/lang/Class; (122 bytes) @ 0x0000000002bbbf64 [0x0000000002bbbc60+0x304]
J 584 C1 sun.misc.Launcher$AppClassLoader.loadClass(Ljava/lang/String;Z)Ljava/lang/Class; (85 bytes) @ 0x0000000002bdecc4 [0x0000000002bde9e0+0x2e4]
J 577 C1 java.lang.ClassLoader.loadClass(Ljava/lang/String;)Ljava/lang/Class; (7 bytes) @ 0x0000000002bdd224 [0x0000000002bdd1e0+0x44]
v  ~StubRoutines::call_stub
J 935  java.lang.ClassLoader.defineClass1(Ljava/lang/String;[BIILjava/security/ProtectionDomain;Ljava/lang/String;)Ljava/lang/Class; (0 bytes) @ 0x0000000002c70bdf [0x0000000002c70b40+0x9f]
J 716 C1 java.lang.ClassLoader.defineClass(Ljava/lang/String;[BIILjava/security/ProtectionDomain;)Ljava/lang/Class; (43 bytes) @ 0x0000000002c19b9c [0x0000000002c19aa0+0xfc]
J 721 C1 java.net.URLClassLoader.defineClass(Ljava/lang/String;Lsun/misc/Resource;)Ljava/lang/Class; (142 bytes) @ 0x0000000002c1c88c [0x0000000002c1bec0+0x9cc]
J 663 C1 java.net.URLClassLoader$1.run()Ljava/lang/Class; (63 bytes) @ 0x0000000002c029b4 [0x0000000002c02900+0xb4]
J 662 C1 java.net.URLClassLoader$1.run()Ljava/lang/Object; (5 bytes) @ 0x0000000002c025d4 [0x0000000002c025a0+0x34]
v  ~StubRoutines::call_stub
J 538  java.security.AccessController.doPrivileged(Ljava/security/PrivilegedExceptionAction;Ljava/security/AccessControlContext;)Ljava/lang/Object; (0 bytes) @ 0x0000000002bc8e66 [0x0000000002bc8e00+0x66]
J 611 C1 java.net.URLClassLoader.findClass(Ljava/lang/String;)Ljava/lang/Class; (47 bytes) @ 0x0000000002befbb4 [0x0000000002befb00+0xb4]
J 505 C1 java.lang.ClassLoader.loadClass(Ljava/lang/String;Z)Ljava/lang/Class; (122 bytes) @ 0x0000000002bbbf64 [0x0000000002bbbc60+0x304]
J 584 C1 sun.misc.Launcher$AppClassLoader.loadClass(Ljava/lang/String;Z)Ljava/lang/Class; (85 bytes) @ 0x0000000002bdecc4 [0x0000000002bde9e0+0x2e4]
J 577 C1 java.lang.ClassLoader.loadClass(Ljava/lang/String;)Ljava/lang/Class; (7 bytes) @ 0x0000000002bdd224 [0x0000000002bdd1e0+0x44]
v  ~StubRoutines::call_stub
j  org.hibernate.internal.SessionFactoryImpl$SessionBuilderImpl.openSession()Lorg/hibernate/Session;+16
j  org.hibernate.internal.SessionFactoryImpl.buildEntityManager(Ljavax/persistence/SynchronizationType;Ljava/util/Map;)Lorg/hibernate/Session;+53
j  org.hibernate.internal.SessionFactoryImpl.createEntityManager()Lorg/hibernate/Session;+11
j  org.hibernate.internal.SessionFactoryImpl.createEntityManager()Ljavax/persistence/EntityManager;+1
v  ~StubRoutines::call_stub
J 1617  sun.reflect.NativeMethodAccessorImpl.invoke0(Ljava/lang/reflect/Method;Ljava/lang/Object;[Ljava/lang/Object;)Ljava/lang/Object; (0 bytes) @ 0x0000000002d9313f [0x0000000002d930c0+0x7f]
J 1616 C1 sun.reflect.NativeMethodAccessorImpl.invoke(Ljava/lang/Object;[Ljava/lang/Object;)Ljava/lang/Object; (104 bytes) @ 0x0000000002d9389c [0x0000000002d93520+0x37c]
J 1521 C1 sun.reflect.DelegatingMethodAccessorImpl.invoke(Ljava/lang/Object;[Ljava/lang/Object;)Ljava/lang/Object; (10 bytes) @ 0x0000000002d4f2a4 [0x0000000002d4f260+0x44]
J 1499 C1 java.lang.reflect.Method.invoke(Ljava/lang/Object;[Ljava/lang/Object;)Ljava/lang/Object; (62 bytes) @ 0x0000000002d45814 [0x0000000002d45720+0xf4]
j  org.springframework.orm.jpa.AbstractEntityManagerFactoryBean.invokeProxyMethod(Ljava/lang/reflect/Method;[Ljava/lang/Object;)Ljava/lang/Object;+157
j  org.springframework.orm.jpa.AbstractEntityManagerFactoryBean$ManagedEntityManagerFactoryInvocationHandler.invoke(Ljava/lang/Object;Ljava/lang/reflect/Method;[Ljava/lang/Object;)Ljava/lang/Object;+98
j  com.sun.proxy.$Proxy79.createEntityManager()Ljavax/persistence/EntityManager;+9
j  org.springframework.orm.jpa.SharedEntityManagerCreator$SharedEntityManagerInvocationHandler.invoke(Ljava/lang/Object;Ljava/lang/reflect/Method;[Ljava/lang/Object;)Ljava/lang/Object;+481
j  com.sun.proxy.$Proxy81.getDelegate()Ljava/lang/Object;+9
j  org.springframework.data.jpa.provider.PersistenceProvider.fromEntityManager(Ljavax/persistence/EntityManager;)Lorg/springframework/data/jpa/provider/PersistenceProvider;+7
j  org.springframework.data.jpa.repository.support.JpaRepositoryFactory.<init>(Ljavax/persistence/EntityManager;)V+24
j  org.springframework.data.jpa.repository.support.JpaRepositoryFactoryBean.createRepositoryFactory(Ljavax/persistence/EntityManager;)Lorg/springframework/data/repository/core/support/RepositoryFactorySupport;+5
j  org.springframework.data.jpa.repository.support.JpaRepositoryFactoryBean.doCreateRepositoryFactory()Lorg/springframework/data/repository/core/support/RepositoryFactorySupport;+22
j  org.springframework.data.repository.core.support.TransactionalRepositoryFactoryBeanSupport.createRepositoryFactory()Lorg/springframework/data/repository/core/support/RepositoryFactorySupport;+1
j  org.springframework.data.repository.core.support.RepositoryFactoryBeanSupport.afterPropertiesSet()V+2
j  org.springframework.data.jpa.repository.support.JpaRepositoryFactoryBean.afterPropertiesSet()V+18
j  org.springframework.beans.factory.support.AbstractAutowireCapableBeanFactory.invokeInitMethods(Ljava/lang/String;Ljava/lang/Object;Lorg/springframework/beans/factory/support/RootBeanDefinition;)V+106
j  org.springframework.beans.factory.support.AbstractAutowireCapableBeanFactory.initializeBean(Ljava/lang/String;Ljava/lang/Object;Lorg/springframework/beans/factory/support/RootBeanDefinition;)Ljava/lang/Object;+59
j  org.springframework.beans.factory.support.AbstractAutowireCapableBeanFactory.doCreateBean(Ljava/lang/String;Lorg/springframework/beans/factory/support/RootBeanDefinition;[Ljava/lang/Object;)Ljava/lang/Object;+245
j  org.springframework.beans.factory.support.AbstractAutowireCapableBeanFactory.createBean(Ljava/lang/String;Lorg/springframework/beans/factory/support/RootBeanDefinition;[Ljava/lang/Object;)Ljava/lang/Object;+169
j  org.springframework.beans.factory.support.AbstractBeanFactory.lambda$doGetBean$0(Ljava/lang/String;Lorg/springframework/beans/factory/support/RootBeanDefinition;[Ljava/lang/Object;)Ljava/lang/Object;+4
j  org.springframework.beans.factory.support.AbstractBeanFactory$$Lambda$93.getObject()Ljava/lang/Object;+16
j  org.springframework.beans.factory.support.DefaultSingletonBeanRegistry.getSingleton(Ljava/lang/String;Lorg/springframework/beans/factory/ObjectFactory;)Ljava/lang/Object;+132
J 2551 C1 org.springframework.beans.factory.support.AbstractBeanFactory.doGetBean(Ljava/lang/String;Ljava/lang/Class;[Ljava/lang/Object;Z)Ljava/lang/Object; (833 bytes) @ 0x0000000002f7bb0c [0x0000000002f7b540+0x5cc]
j  org.springframework.beans.factory.support.AbstractBeanFactory.getBean(Ljava/lang/String;)Ljava/lang/Object;+5
j  org.springframework.beans.factory.config.DependencyDescriptor.resolveCandidate(Ljava/lang/String;Ljava/lang/Class;Lorg/springframework/beans/factory/BeanFactory;)Ljava/lang/Object;+2
j  org.springframework.beans.factory.support.DefaultListableBeanFactory.doResolveDependency(Lorg/springframework/beans/factory/config/DependencyDescriptor;Ljava/lang/String;Ljava/util/Set;Lorg/springframework/beans/TypeConverter;)Ljava/lang/Object;+440
j  org.springframework.beans.factory.support.DefaultListableBeanFactory.resolveDependency(Lorg/springframework/beans/factory/config/DependencyDescriptor;Ljava/lang/String;Ljava/util/Set;Lorg/springframework/beans/TypeConverter;)Ljava/lang/Object;+108
j  org.springframework.beans.factory.annotation.AutowiredAnnotationBeanPostProcessor$AutowiredFieldElement.inject(Ljava/lang/Object;Ljava/lang/String;Lorg/springframework/beans/PropertyValues;)V+115
j  org.springframework.beans.factory.annotation.InjectionMetadata.inject(Ljava/lang/Object;Ljava/lang/String;Lorg/springframework/beans/PropertyValues;)V+116
j  org.springframework.beans.factory.annotation.AutowiredAnnotationBeanPostProcessor.postProcessProperties(Lorg/springframework/beans/PropertyValues;Ljava/lang/Object;Ljava/lang/String;)Lorg/springframework/beans/PropertyValues;+17
j  org.springframework.beans.factory.support.AbstractAutowireCapableBeanFactory.populateBean(Ljava/lang/String;Lorg/springframework/beans/factory/support/RootBeanDefinition;Lorg/springframework/beans/BeanWrapper;)V+305
j  org.springframework.beans.factory.support.AbstractAutowireCapableBeanFactory.doCreateBean(Ljava/lang/String;Lorg/springframework/beans/factory/support/RootBeanDefinition;[Ljava/lang/Object;)Ljava/lang/Object;+237
j  org.springframework.beans.factory.support.AbstractAutowireCapableBeanFactory.createBean(Ljava/lang/String;Lorg/springframework/beans/factory/support/RootBeanDefinition;[Ljava/lang/Object;)Ljava/lang/Object;+169
j  org.springframework.beans.factory.support.AbstractBeanFactory.lambda$doGetBean$0(Ljava/lang/String;Lorg/springframework/beans/factory/support/RootBeanDefinition;[Ljava/lang/Object;)Ljava/lang/Object;+4
j  org.springframework.beans.factory.support.AbstractBeanFactory$$Lambda$93.getObject()Ljava/lang/Object;+16
j  org.springframework.beans.factory.support.DefaultSingletonBeanRegistry.getSingleton(Ljava/lang/String;Lorg/springframework/beans/factory/ObjectFactory;)Ljava/lang/Object;+132
J 2551 C1 org.springframework.beans.factory.support.AbstractBeanFactory.doGetBean(Ljava/lang/String;Ljava/lang/Class;[Ljava/lang/Object;Z)Ljava/lang/Object; (833 bytes) @ 0x0000000002f7bb0c [0x0000000002f7b540+0x5cc]
j  org.springframework.beans.factory.support.AbstractBeanFactory.getBean(Ljava/lang/String;)Ljava/lang/Object;+5
j  org.springframework.beans.factory.support.DefaultListableBeanFactory.preInstantiateSingletons()V+248
j  org.springframework.context.support.AbstractApplicationContext.finishBeanFactoryInitialization(Lorg/springframework/beans/factory/config/ConfigurableListableBeanFactory;)V+124
j  org.springframework.context.support.AbstractApplicationContext.refresh()V+54
j  org.springframework.boot.web.servlet.context.ServletWebServerApplicationContext.refresh()V+1
j  org.springframework.boot.SpringApplication.refresh(Lorg/springframework/context/ApplicationContext;)V+10
j  org.springframework.boot.SpringApplication.refreshContext(Lorg/springframework/context/ConfigurableApplicationContext;)V+2
j  org.springframework.boot.SpringApplication.run([Ljava/lang/String;)Lorg/springframework/context/ConfigurableApplicationContext;+118
j  org.springframework.boot.SpringApplication.run([Ljava/lang/Class;[Ljava/lang/String;)Lorg/springframework/context/ConfigurableApplicationContext;+9
j  org.springframework.boot.SpringApplication.run(Ljava/lang/Class;[Ljava/lang/String;)Lorg/springframework/context/ConfigurableApplicationContext;+9
j  com.example.demo.QuanLyNhaHangApplication.main([Ljava/lang/String;)V+3
v  ~StubRoutines::call_stub

---------------  P R O C E S S  ---------------

Java Threads: ( => current thread )
  0x000000001681a800 JavaThread "HikariPool-1 connection adder" daemon [_thread_blocked, id=12612, stack(0x000000001acc0000,0x000000001adc0000)]
  0x0000000016815800 JavaThread "HikariPool-1 housekeeper" daemon [_thread_blocked, id=12876, stack(0x000000001abc0000,0x000000001acc0000)]
  0x0000000017514000 JavaThread "mysql-cj-abandoned-connection-cleanup" daemon [_thread_blocked, id=9040, stack(0x000000001a5c0000,0x000000001a6c0000)]
  0x000000001750e800 JavaThread "container-0" [_thread_blocked, id=7368, stack(0x000000001a4c0000,0x000000001a5c0000)]
  0x0000000018ca0800 JavaThread "Catalina-utility-2" [_thread_blocked, id=7544, stack(0x000000001a3c0000,0x000000001a4c0000)]
  0x0000000018ca0000 JavaThread "Catalina-utility-1" [_thread_blocked, id=4256, stack(0x000000001a2c0000,0x000000001a3c0000)]
  0x000000001734a800 JavaThread "RMI TCP Accept-0" daemon [_thread_in_native, id=5076, stack(0x0000000017bb0000,0x0000000017cb0000)]
  0x0000000017345800 JavaThread "RMI TCP Accept-63064" daemon [_thread_in_native, id=7332, stack(0x0000000017ab0000,0x0000000017bb0000)]
  0x0000000017336000 JavaThread "RMI TCP Accept-0" daemon [_thread_in_native, id=6820, stack(0x00000000179b0000,0x0000000017ab0000)]
  0x000000001677c000 JavaThread "Service Thread" daemon [_thread_blocked, id=5276, stack(0x0000000016d70000,0x0000000016e70000)]
  0x000000001507c000 JavaThread "C1 CompilerThread2" daemon [_thread_blocked, id=7344, stack(0x0000000016c70000,0x0000000016d70000)]
  0x0000000015079000 JavaThread "C2 CompilerThread1" daemon [_thread_blocked, id=7300, stack(0x0000000016b70000,0x0000000016c70000)]
  0x0000000015026800 JavaThread "C2 CompilerThread0" daemon [_thread_blocked, id=8900, stack(0x0000000016670000,0x0000000016770000)]
  0x0000000015023000 JavaThread "Attach Listener" daemon [_thread_blocked, id=8316, stack(0x0000000016570000,0x0000000016670000)]
  0x0000000015022000 JavaThread "Signal Dispatcher" daemon [_thread_blocked, id=5344, stack(0x0000000016470000,0x0000000016570000)]
  0x000000001500a000 JavaThread "Finalizer" daemon [_thread_blocked, id=11612, stack(0x0000000016270000,0x0000000016370000)]
  0x00000000029f4000 JavaThread "Reference Handler" daemon [_thread_blocked, id=8080, stack(0x0000000016170000,0x0000000016270000)]
=>0x0000000002905000 JavaThread "main" [_thread_in_vm, id=8016, stack(0x00000000027e0000,0x00000000028e0000)]

Other Threads:
  0x0000000014fe7800 VMThread [stack: 0x0000000016070000,0x0000000016170000] [id=4764]
  0x000000001734b800 WatcherThread [stack: 0x0000000017cb0000,0x0000000017db0000] [id=6456]

VM state:synchronizing (normal execution)

VM Mutex/Monitor currently owned by a thread:  ([mutex/lock_event])
[0x0000000002901ad0] Threads_lock - owner thread: 0x0000000014fe7800

heap address: 0x00000000c1600000, size: 1002 MB, Compressed Oops mode: 32-bit
Narrow klass base: 0x0000000000000000, Narrow klass shift: 3
Compressed class space size: 1073741824 Address: 0x0000000100000000

Heap:
 PSYoungGen      total 160768K, used 15299K [0x00000000eb200000, 0x00000000f6380000, 0x0000000100000000)
  eden space 147968K, 10% used [0x00000000eb200000,0x00000000ec0f0e30,0x00000000f4280000)
  from space 12800K, 0% used [0x00000000f5700000,0x00000000f5700000,0x00000000f6380000)
  to   space 14336K, 0% used [0x00000000f4780000,0x00000000f4780000,0x00000000f5580000)
 ParOldGen       total 54272K, used 27256K [0x00000000c1600000, 0x00000000c4b00000, 0x00000000eb200000)
  object space 54272K, 50% used [0x00000000c1600000,0x00000000c309e3c0,0x00000000c4b00000)
 Metaspace       used 45804K, capacity 47576K, committed 48000K, reserved 1091584K
  class space    used 6422K, capacity 6771K, committed 6784K, reserved 1048576K

Card table byte_map: [0x0000000011dc0000,0x0000000011fc0000] byte_map_base: 0x00000000117b5000

Marking Bits: (ParMarkBitMap*) 0x0000000065b75ce0
 Begin Bits: [0x0000000012510000, 0x00000000134b8000)
 End Bits:   [0x00000000134b8000, 0x0000000014460000)

Polling page: 0x0000000000c20000

CodeCache: size=245760Kb used=7831Kb max_used=7831Kb free=237928Kb
 bounds [0x0000000002a00000, 0x00000000031b0000, 0x0000000011a00000]
 total_blobs=4277 nmethods=3741 adapters=447
 compilation: enabled

Compilation events (10 events):
Event: 15.529 Thread 0x000000001507c000 3739       1       org.springframework.core.annotation.AnnotatedElementUtils::hasAnnotation (28 bytes)
Event: 15.530 Thread 0x000000001507c000 nmethod 3739 0x00000000031a3dd0 code [0x00000000031a3f60, 0x00000000031a4238]
Event: 15.530 Thread 0x000000001507c000 3740       1       java.util.ArrayList::add (54 bytes)
Event: 15.530 Thread 0x000000001507c000 nmethod 3740 0x00000000031a43d0 code [0x00000000031a4560, 0x00000000031a4958]
Event: 15.530 Thread 0x000000001507c000 3741       1       java.lang.invoke.LambdaForm$DMH/1463801669::invokeStatic_L4_L (20 bytes)
Event: 15.531 Thread 0x000000001507c000 nmethod 3741 0x00000000031a4bd0 code [0x00000000031a4d40, 0x00000000031a4eb8]
Event: 15.560 Thread 0x000000001507c000 3742       1       sun.reflect.generics.reflectiveObjects.WildcardTypeImpl::getLowerBounds (72 bytes)
Event: 15.561 Thread 0x000000001507c000 nmethod 3742 0x00000000031a4fd0 code [0x00000000031a5160, 0x00000000031a5558]
Event: 15.561 Thread 0x000000001507c000 3743       1       sun.reflect.generics.reflectiveObjects.WildcardTypeImpl::getUpperBounds (72 bytes)
Event: 15.561 Thread 0x000000001507c000 nmethod 3743 0x00000000031a5750 code [0x00000000031a58e0, 0x00000000031a5cd8]

GC Heap History (10 events):
Event: 7.192 GC heap before
{Heap before GC invocations=9 (full 1):
 PSYoungGen      total 72192K, used 69158K [0x00000000eb200000, 0x00000000f2e80000, 0x0000000100000000)
  eden space 65024K, 100% used [0x00000000eb200000,0x00000000ef180000,0x00000000ef180000)
  from space 7168K, 57% used [0x00000000ef180000,0x00000000ef589bb0,0x00000000ef880000)
  to   space 6656K, 0% used [0x00000000f2800000,0x00000000f2800000,0x00000000f2e80000)
 ParOldGen       total 33280K, used 8867K [0x00000000c1600000, 0x00000000c3680000, 0x00000000eb200000)
  object space 33280K, 26% used [0x00000000c1600000,0x00000000c1ea8fc8,0x00000000c3680000)
 Metaspace       used 27170K, capacity 28586K, committed 28672K, reserved 1073152K
  class space    used 3766K, capacity 4074K, committed 4096K, reserved 1048576K
Event: 7.208 GC heap after
Heap after GC invocations=9 (full 1):
 PSYoungGen      total 118272K, used 6627K [0x00000000eb200000, 0x00000000f3100000, 0x0000000100000000)
  eden space 111616K, 0% used [0x00000000eb200000,0x00000000eb200000,0x00000000f1f00000)
  from space 6656K, 99% used [0x00000000f2800000,0x00000000f2e78ef0,0x00000000f2e80000)
  to   space 9216K, 0% used [0x00000000f1f00000,0x00000000f1f00000,0x00000000f2800000)
 ParOldGen       total 33280K, used 12643K [0x00000000c1600000, 0x00000000c3680000, 0x00000000eb200000)
  object space 33280K, 37% used [0x00000000c1600000,0x00000000c2258f68,0x00000000c3680000)
 Metaspace       used 27170K, capacity 28586K, committed 28672K, reserved 1073152K
  class space    used 3766K, capacity 4074K, committed 4096K, reserved 1048576K
}
Event: 9.959 GC heap before
{Heap before GC invocations=10 (full 1):
 PSYoungGen      total 118272K, used 96905K [0x00000000eb200000, 0x00000000f3100000, 0x0000000100000000)
  eden space 111616K, 80% used [0x00000000eb200000,0x00000000f0a29760,0x00000000f1f00000)
  from space 6656K, 99% used [0x00000000f2800000,0x00000000f2e78ef0,0x00000000f2e80000)
  to   space 9216K, 0% used [0x00000000f1f00000,0x00000000f1f00000,0x00000000f2800000)
 ParOldGen       total 33280K, used 12643K [0x00000000c1600000, 0x00000000c3680000, 0x00000000eb200000)
  object space 33280K, 37% used [0x00000000c1600000,0x00000000c2258f68,0x00000000c3680000)
 Metaspace       used 33735K, capacity 35404K, committed 35416K, reserved 1079296K
  class space    used 4506K, capacity 4853K, committed 4864K, reserved 1048576K
Event: 9.987 GC heap after
Heap after GC invocations=10 (full 1):
 PSYoungGen      total 120832K, used 9186K [0x00000000eb200000, 0x00000000f6380000, 0x0000000100000000)
  eden space 111616K, 0% used [0x00000000eb200000,0x00000000eb200000,0x00000000f1f00000)
  from space 9216K, 99% used [0x00000000f1f00000,0x00000000f27f88b0,0x00000000f2800000)
  to   space 12800K, 0% used [0x00000000f5700000,0x00000000f5700000,0x00000000f6380000)
 ParOldGen       total 33280K, used 18564K [0x00000000c1600000, 0x00000000c3680000, 0x00000000eb200000)
  object space 33280K, 55% used [0x00000000c1600000,0x00000000c2821318,0x00000000c3680000)
 Metaspace       used 33735K, capacity 35404K, committed 35416K, reserved 1079296K
  class space    used 4506K, capacity 4853K, committed 4864K, reserved 1048576K
}
Event: 9.987 GC heap before
{Heap before GC invocations=11 (full 2):
 PSYoungGen      total 120832K, used 9186K [0x00000000eb200000, 0x00000000f6380000, 0x0000000100000000)
  eden space 111616K, 0% used [0x00000000eb200000,0x00000000eb200000,0x00000000f1f00000)
  from space 9216K, 99% used [0x00000000f1f00000,0x00000000f27f88b0,0x00000000f2800000)
  to   space 12800K, 0% used [0x00000000f5700000,0x00000000f5700000,0x00000000f6380000)
 ParOldGen       total 33280K, used 18564K [0x00000000c1600000, 0x00000000c3680000, 0x00000000eb200000)
  object space 33280K, 55% used [0x00000000c1600000,0x00000000c2821318,0x00000000c3680000)
 Metaspace       used 33735K, capacity 35404K, committed 35416K, reserved 1079296K
  class space    used 4506K, capacity 4853K, committed 4864K, reserved 1048576K
Event: 10.143 GC heap after
Heap after GC invocations=11 (full 2):
 PSYoungGen      total 120832K, used 0K [0x00000000eb200000, 0x00000000f6380000, 0x0000000100000000)
  eden space 111616K, 0% used [0x00000000eb200000,0x00000000eb200000,0x00000000f1f00000)
  from space 9216K, 0% used [0x00000000f1f00000,0x00000000f1f00000,0x00000000f2800000)
  to   space 12800K, 0% used [0x00000000f5700000,0x00000000f5700000,0x00000000f6380000)
 ParOldGen       total 54272K, used 19526K [0x00000000c1600000, 0x00000000c4b00000, 0x00000000eb200000)
  object space 54272K, 35% used [0x00000000c1600000,0x00000000c2911ae0,0x00000000c4b00000)
 Metaspace       used 33735K, capacity 35404K, committed 35416K, reserved 1079296K
  class space    used 4506K, capacity 4853K, committed 4864K, reserved 1048576K
}
Event: 14.319 GC heap before
{Heap before GC invocations=12 (full 2):
 PSYoungGen      total 120832K, used 93867K [0x00000000eb200000, 0x00000000f6380000, 0x0000000100000000)
  eden space 111616K, 84% used [0x00000000eb200000,0x00000000f0daaec8,0x00000000f1f00000)
  from space 9216K, 0% used [0x00000000f1f00000,0x00000000f1f00000,0x00000000f2800000)
  to   space 12800K, 0% used [0x00000000f5700000,0x00000000f5700000,0x00000000f6380000)
 ParOldGen       total 54272K, used 19526K [0x00000000c1600000, 0x00000000c4b00000, 0x00000000eb200000)
  object space 54272K, 35% used [0x00000000c1600000,0x00000000c2911ae0,0x00000000c4b00000)
 Metaspace       used 44612K, capacity 46354K, committed 46592K, reserved 1093632K
  class space    used 6259K, capacity 6626K, committed 6656K, reserved 1048576K
Event: 14.343 GC heap after
Heap after GC invocations=12 (full 2):
 PSYoungGen      total 160768K, used 12689K [0x00000000eb200000, 0x00000000f6380000, 0x0000000100000000)
  eden space 147968K, 0% used [0x00000000eb200000,0x00000000eb200000,0x00000000f4280000)
  from space 12800K, 99% used [0x00000000f5700000,0x00000000f6364528,0x00000000f6380000)
  to   space 14336K, 0% used [0x00000000f4780000,0x00000000f4780000,0x00000000f5580000)
 ParOldGen       total 54272K, used 19534K [0x00000000c1600000, 0x00000000c4b00000, 0x00000000eb200000)
  object space 54272K, 35% used [0x00000000c1600000,0x00000000c2913ae0,0x00000000c4b00000)
 Metaspace       used 44612K, capacity 46354K, committed 46592K, reserved 1093632K
  class space    used 6259K, capacity 6626K, committed 6656K, reserved 1048576K
}
Event: 14.343 GC heap before
{Heap before GC invocations=13 (full 3):
 PSYoungGen      total 160768K, used 12689K [0x00000000eb200000, 0x00000000f6380000, 0x0000000100000000)
  eden space 147968K, 0% used [0x00000000eb200000,0x00000000eb200000,0x00000000f4280000)
  from space 12800K, 99% used [0x00000000f5700000,0x00000000f6364528,0x00000000f6380000)
  to   space 14336K, 0% used [0x00000000f4780000,0x00000000f4780000,0x00000000f5580000)
 ParOldGen       total 54272K, used 19534K [0x00000000c1600000, 0x00000000c4b00000, 0x00000000eb200000)
  object space 54272K, 35% used [0x00000000c1600000,0x00000000c2913ae0,0x00000000c4b00000)
 Metaspace       used 44612K, capacity 46354K, committed 46592K, reserved 1093632K
  class space    used 6259K, capacity 6626K, committed 6656K, reserved 1048576K
Event: 14.629 GC heap after
Heap after GC invocations=13 (full 3):
 PSYoungGen      total 160768K, used 0K [0x00000000eb200000, 0x00000000f6380000, 0x0000000100000000)
  eden space 147968K, 0% used [0x00000000eb200000,0x00000000eb200000,0x00000000f4280000)
  from space 12800K, 0% used [0x00000000f5700000,0x00000000f5700000,0x00000000f6380000)
  to   space 14336K, 0% used [0x00000000f4780000,0x00000000f4780000,0x00000000f5580000)
 ParOldGen       total 54272K, used 27256K [0x00000000c1600000, 0x00000000c4b00000, 0x00000000eb200000)
  object space 54272K, 50% used [0x00000000c1600000,0x00000000c309e3c0,0x00000000c4b00000)
 Metaspace       used 44612K, capacity 46354K, committed 46592K, reserved 1091584K
  class space    used 6259K, capacity 6626K, committed 6656K, reserved 1048576K
}

Deoptimization events (0 events):
No events

Classes redefined (0 events):
No events

Internal exceptions (10 events):
Event: 15.535 Thread 0x0000000002905000 Exception <a 'java/lang/NoSuchMethodError': java.lang.Object.lambda$static$0(Ljava/lang/Object;)Lorg/springframework/expression/EvaluationContext;> (0x00000000ebcc34f0) thrown at [C:\re\workspace\8-2-build-windows-amd64-cygwin\jdk8u211\12973\hotspot\src\s
Event: 15.558 Thread 0x0000000002905000 Exception <a 'java/lang/ArrayIndexOutOfBoundsException'> (0x00000000ebdef900) thrown at [C:\re\workspace\8-2-build-windows-amd64-cygwin\jdk8u211\12973\hotspot\src\share\vm\runtime\sharedRuntime.cpp, line 605]
Event: 15.559 Thread 0x0000000002905000 Exception <a 'java/lang/ArrayIndexOutOfBoundsException'> (0x00000000ebdf2f50) thrown at [C:\re\workspace\8-2-build-windows-amd64-cygwin\jdk8u211\12973\hotspot\src\share\vm\runtime\sharedRuntime.cpp, line 605]
Event: 15.559 Thread 0x0000000002905000 Exception <a 'java/lang/ArrayIndexOutOfBoundsException'> (0x00000000ebdf4888) thrown at [C:\re\workspace\8-2-build-windows-amd64-cygwin\jdk8u211\12973\hotspot\src\share\vm\runtime\sharedRuntime.cpp, line 605]
Event: 15.560 Thread 0x0000000002905000 Exception <a 'java/lang/ArrayIndexOutOfBoundsException'> (0x00000000ebdf8a38) thrown at [C:\re\workspace\8-2-build-windows-amd64-cygwin\jdk8u211\12973\hotspot\src\share\vm\runtime\sharedRuntime.cpp, line 605]
Event: 15.560 Thread 0x0000000002905000 Exception <a 'java/lang/ArrayIndexOutOfBoundsException'> (0x00000000ebdfa3f8) thrown at [C:\re\workspace\8-2-build-windows-amd64-cygwin\jdk8u211\12973\hotspot\src\share\vm\runtime\sharedRuntime.cpp, line 605]
Event: 15.560 Thread 0x0000000002905000 Exception <a 'java/lang/ArrayIndexOutOfBoundsException'> (0x00000000ebdfcb70) thrown at [C:\re\workspace\8-2-build-windows-amd64-cygwin\jdk8u211\12973\hotspot\src\share\vm\runtime\sharedRuntime.cpp, line 605]
Event: 15.560 Thread 0x0000000002905000 Exception <a 'java/lang/ArrayIndexOutOfBoundsException'> (0x00000000ebdfdb28) thrown at [C:\re\workspace\8-2-build-windows-amd64-cygwin\jdk8u211\12973\hotspot\src\share\vm\runtime\sharedRuntime.cpp, line 605]
Event: 15.560 Thread 0x0000000002905000 Exception <a 'java/lang/ArrayIndexOutOfBoundsException'> (0x00000000ebdff5a8) thrown at [C:\re\workspace\8-2-build-windows-amd64-cygwin\jdk8u211\12973\hotspot\src\share\vm\runtime\sharedRuntime.cpp, line 605]
Event: 15.560 Thread 0x0000000002905000 Exception <a 'java/lang/ArrayIndexOutOfBoundsException'> (0x00000000ebe009f8) thrown at [C:\re\workspace\8-2-build-windows-amd64-cygwin\jdk8u211\12973\hotspot\src\share\vm\runtime\sharedRuntime.cpp, line 605]

Events (10 events):
Event: 15.960 loading class org/hibernate/engine/spi/SessionImplementor done
Event: 15.960 loading class org/hibernate/jpa/spi/HibernateEntityManagerImplementor
Event: 15.960 loading class org/hibernate/jpa/spi/HibernateEntityManagerImplementor done
Event: 15.980 loading class org/hibernate/jpa/spi/HibernateEntityManagerFactoryAware
Event: 15.980 loading class org/hibernate/jpa/spi/HibernateEntityManagerFactoryAware done
Event: 15.995 loading class org/hibernate/internal/AbstractSessionImpl
Event: 15.995 loading class org/hibernate/internal/AbstractSessionImpl done
Event: 15.996 loading class org/hibernate/internal/AbstractSharedSessionContract
Event: 15.996 loading class org/hibernate/internal/AbstractSharedSessionContract done
Event: 16.127 Executing VM operation: RevokeBias


Dynamic libraries:
0x00007ff641de0000 - 0x00007ff641e17000 	C:\Program Files\Java\jre1.8.0_211\bin\javaw.exe
0x00007fffad510000 - 0x00007fffad6fd000 	C:\Windows\SYSTEM32\ntdll.dll
0x00007fffaabe0000 - 0x00007fffaac93000 	C:\Windows\System32\KERNEL32.DLL
0x00007fffaa350000 - 0x00007fffaa5e3000 	C:\Windows\System32\KERNELBASE.dll
0x00007fffac940000 - 0x00007fffac9e3000 	C:\Windows\System32\ADVAPI32.dll
0x00007fffacf50000 - 0x00007fffacfee000 	C:\Windows\System32\msvcrt.dll
0x00007fffaceb0000 - 0x00007fffacf4e000 	C:\Windows\System32\sechost.dll
0x00007fffac540000 - 0x00007fffac662000 	C:\Windows\System32\RPCRT4.dll
0x00007fffac3a0000 - 0x00007fffac537000 	C:\Windows\System32\USER32.dll
0x00007fffa99a0000 - 0x00007fffa99c0000 	C:\Windows\System32\win32u.dll
0x00007fffaca10000 - 0x00007fffaca39000 	C:\Windows\System32\GDI32.dll
0x00007fffa99c0000 - 0x00007fffa9b59000 	C:\Windows\System32\gdi32full.dll
0x00007fffaa6a0000 - 0x00007fffaa740000 	C:\Windows\System32\msvcp_win.dll
0x00007fffa98a0000 - 0x00007fffa999a000 	C:\Windows\System32\ucrtbase.dll
0x00007fff9a2e0000 - 0x00007fff9a559000 	C:\Windows\WinSxS\amd64_microsoft.windows.common-controls_6595b64144ccf1df_6.0.17763.615_none_05b4414a072024d4\COMCTL32.dll
0x00007fffaa740000 - 0x00007fffaaa6c000 	C:\Windows\System32\combase.dll
0x00007fffa95e0000 - 0x00007fffa965e000 	C:\Windows\System32\bcryptPrimitives.dll
0x00007fffacb80000 - 0x00007fffacbae000 	C:\Windows\System32\IMM32.DLL
0x00000000668c0000 - 0x0000000066992000 	C:\Program Files\Java\jre1.8.0_211\bin\msvcr100.dll
0x0000000065350000 - 0x0000000065bf5000 	C:\Program Files\Java\jre1.8.0_211\bin\server\jvm.dll
0x00007fffacb10000 - 0x00007fffacb18000 	C:\Windows\System32\PSAPI.DLL
0x00007fffa6e30000 - 0x00007fffa6e39000 	C:\Windows\SYSTEM32\WSOCK32.dll
0x00007fffad470000 - 0x00007fffad4dd000 	C:\Windows\System32\WS2_32.dll
0x00007fffa6d60000 - 0x00007fffa6d84000 	C:\Windows\SYSTEM32\WINMM.dll
0x00007fff9d2e0000 - 0x00007fff9d2ea000 	C:\Windows\SYSTEM32\VERSION.dll
0x00007fffa6b60000 - 0x00007fffa6b8d000 	C:\Windows\SYSTEM32\WINMMBASE.dll
0x00007fffa9b60000 - 0x00007fffa9baa000 	C:\Windows\System32\cfgmgr32.dll
0x00007fffa35b0000 - 0x00007fffa35bf000 	C:\Program Files\Java\jre1.8.0_211\bin\verify.dll
0x00007fff77af0000 - 0x00007fff77b19000 	C:\Program Files\Java\jre1.8.0_211\bin\java.dll
0x00007fff9e0f0000 - 0x00007fff9e106000 	C:\Program Files\Java\jre1.8.0_211\bin\zip.dll
0x00007fffaaca0000 - 0x00007fffac190000 	C:\Windows\System32\SHELL32.dll
0x00007fffac880000 - 0x00007fffac928000 	C:\Windows\System32\shcore.dll
0x00007fffa9bb0000 - 0x00007fffaa2fa000 	C:\Windows\System32\windows.storage.dll
0x00007fffa9530000 - 0x00007fffa9554000 	C:\Windows\System32\profapi.dll
0x00007fffa9560000 - 0x00007fffa95bd000 	C:\Windows\System32\powrprof.dll
0x00007ffface50000 - 0x00007fffacea2000 	C:\Windows\System32\shlwapi.dll
0x00007fffa95c0000 - 0x00007fffa95d1000 	C:\Windows\System32\kernel.appcore.dll
0x00007fffaa330000 - 0x00007fffaa347000 	C:\Windows\System32\cryptsp.dll
0x00007fffa6e50000 - 0x00007fffa6e5d000 	C:\Program Files\Java\jre1.8.0_211\bin\management.dll
0x00007fffa3950000 - 0x00007fffa396a000 	C:\Program Files\Java\jre1.8.0_211\bin\net.dll
0x00007fffa2f50000 - 0x00007fffa3127000 	C:\Windows\SYSTEM32\urlmon.dll
0x00007fffa32e0000 - 0x00007fffa3588000 	C:\Windows\SYSTEM32\iertutil.dll
0x00007fffa8f50000 - 0x00007fffa8f5c000 	C:\Windows\SYSTEM32\CRYPTBASE.DLL
0x00007fffa8d80000 - 0x00007fffa8de7000 	C:\Windows\system32\mswsock.dll
0x00007fff9bcd0000 - 0x00007fff9bce2000 	C:\Program Files\Java\jre1.8.0_211\bin\nio.dll
0x00007fff9e4d0000 - 0x00007fff9e4e6000 	C:\Windows\system32\napinsp.dll
0x00007fff9e4b0000 - 0x00007fff9e4ca000 	C:\Windows\system32\pnrpnsp.dll
0x00007fffa8b20000 - 0x00007fffa8be6000 	C:\Windows\SYSTEM32\DNSAPI.dll
0x00007fffacce0000 - 0x00007fffacce8000 	C:\Windows\System32\NSI.dll
0x00007fffa8a80000 - 0x00007fffa8abd000 	C:\Windows\SYSTEM32\IPHLPAPI.DLL
0x00007fffa2ba0000 - 0x00007fffa2bae000 	C:\Windows\System32\winrnr.dll
0x00007fffa58a0000 - 0x00007fffa58bb000 	C:\Windows\system32\NLAapi.dll
0x00007fff85520000 - 0x00007fff85535000 	C:\Windows\system32\wshbth.dll
0x00007fff9ad60000 - 0x00007fff9ad6a000 	C:\Windows\System32\rasadhlp.dll
0x00007fff9b240000 - 0x00007fff9b2b9000 	C:\Windows\System32\fwpuclnt.dll
0x00007fffaa300000 - 0x00007fffaa326000 	C:\Windows\System32\bcrypt.dll
0x00007fffa88e0000 - 0x00007fffa8913000 	C:\Windows\system32\rsaenh.dll
0x00007fffa9410000 - 0x00007fffa9438000 	C:\Windows\SYSTEM32\USERENV.dll
0x00007fff9cb30000 - 0x00007fff9cb46000 	C:\Windows\SYSTEM32\dhcpcsvc6.DLL
0x00007fff9cc00000 - 0x00007fff9cc1c000 	C:\Windows\SYSTEM32\dhcpcsvc.DLL
0x00007fff9bac0000 - 0x00007fff9bae4000 	C:\Program Files\Java\jre1.8.0_211\bin\sunec.dll
0x00007fffa3940000 - 0x00007fffa394b000 	C:\Program Files\Java\jre1.8.0_211\bin\sunmscapi.dll
0x00007fffa9660000 - 0x00007fffa983b000 	C:\Windows\System32\CRYPT32.dll
0x00007fffa9510000 - 0x00007fffa9522000 	C:\Windows\System32\MSASN1.dll

VM Arguments:
jvm_args: -Dcom.sun.management.jmxremote -Dcom.sun.management.jmxremote.port=63064 -Dcom.sun.management.jmxremote.authenticate=false -Dcom.sun.management.jmxremote.ssl=false -Djava.rmi.server.hostname=localhost -Dspring.jmx.enabled=true -Dspring.application.admin.enabled=true -Xverify:none -XX:TieredStopAtLevel=1 -Dfile.encoding=UTF-8 
java_command: com.example.demo.QuanLyNhaHangApplication --spring.output.ansi.enabled=always
java_class_path (initial): E:\Google Drive\ISC_SAIGONTEACH\BACK END\QuanLyNhaHang\target\classes;C:\Users\buing\.m2\repository\org\springframework\boot\spring-boot-starter\2.1.6.RELEASE\spring-boot-starter-2.1.6.RELEASE.jar;C:\Users\buing\.m2\repository\org\springframework\boot\spring-boot\2.1.6.RELEASE\spring-boot-2.1.6.RELEASE.jar;C:\Users\buing\.m2\repository\org\springframework\spring-context\5.1.8.RELEASE\spring-context-5.1.8.RELEASE.jar;C:\Users\buing\.m2\repository\org\springframework\boot\spring-boot-autoconfigure\2.1.6.RELEASE\spring-boot-autoconfigure-2.1.6.RELEASE.jar;C:\Users\buing\.m2\repository\org\springframework\boot\spring-boot-starter-logging\2.1.6.RELEASE\spring-boot-starter-logging-2.1.6.RELEASE.jar;C:\Users\buing\.m2\repository\ch\qos\logback\logback-classic\1.2.3\logback-classic-1.2.3.jar;C:\Users\buing\.m2\repository\ch\qos\logback\logback-core\1.2.3\logback-core-1.2.3.jar;C:\Users\buing\.m2\repository\org\apache\logging\log4j\log4j-to-slf4j\2.11.2\log4j-to-slf4j-2.11.2.jar;C:\Users\buing\.m2\repository\org\apache\logging\log4j\log4j-api\2.11.2\log4j-api-2.11.2.jar;C:\Users\buing\.m2\repository\org\slf4j\jul-to-slf4j\1.7.26\jul-to-slf4j-1.7.26.jar;C:\Users\buing\.m2\repository\javax\annotation\javax.annotation-api\1.3.2\javax.annotation-api-1.3.2.jar;C:\Users\buing\.m2\repository\org\springframework\spring-core\5.1.8.RELEASE\spring-core-5.1.8.RELEASE.jar;C:\Users\buing\.m2\repository\org\springframework\spring-jcl\5.1.8.RELEASE\spring-jcl-5.1.8.RELEASE.jar;C:\Users\buing\.m2\repository\org\yaml\snakeyaml\1.23\snakeyaml-1.23.jar;C:\Users\buing\.m2\repository\org\springframework\boot\spring-boot-starter-data-jpa\2.1.6.RELEASE\spring-boot-starter-data-jpa-2.1.6.RELEASE.jar;C:\Users\buing\.m2\repository\org\springframework\boot\spring-boot-starter-aop\2.1.6.RELEASE\spring-boot-starter-aop-2.1.6.RELEASE.jar;C:\Users\buing\.m2\repository\org\springframework\spring-aop\5.1.8.RELEASE\spring-aop-5.1.8.RELEASE.jar;C:\Users\buing\.m2\repository\org\asp
Launcher Type: SUN_STANDARD

Environment Variables:
PATH=C:/Program Files/Java/jre1.8.0_211/bin/server;C:/Program Files/Java/jre1.8.0_211/bin;C:/Program Files/Java/jre1.8.0_211/lib/amd64;C:\Program Files (x86)\Common Files\Oracle\Java\javapath;C:\Windows\system32;C:\Windows;C:\Windows\System32\Wbem;C:\Windows\System32\WindowsPowerShell\v1.0\;C:\Windows\System32\OpenSSH\;C:\Program Files\dotnet\;C:\Program Files\Microsoft SQL Server\130\Tools\Binn\;C:\Program Files\Microsoft SQL Server\Client SDK\ODBC\130\Tools\Binn\;C:\Program Files (x86)\Microsoft SQL Server\140\Tools\Binn\;C:\Program Files\Microsoft SQL Server\140\Tools\Binn\;C:\Program Files\Microsoft SQL Server\140\DTS\Binn\;C:\Program Files (x86)\Rational\common;C:\Program Files (x86)\Microsoft SQL Server\Client SDK\ODBC\130\Tools\Binn\;C:\Program Files (x86)\Microsoft SQL Server\140\DTS\Binn\;C:\Program Files (x86)\Microsoft SQL Server\140\Tools\Binn\ManagementStudio\;C:\Users\buing\AppData\Local\Android\Sdk\platform-tools\;C:\opencv\build\x64\vc15\bin;C:\Program Files\Microsoft SQL Server\110\Tools\Binn\;C:\Program Files (x86)\Microsoft SQL Server\110\Tools\Binn\;C:\Program Files\Microsoft SQL Server\110\DTS\Binn\;C:\Program Files (x86)\Microsoft SQL Server\110\Tools\Binn\ManagementStudio\;C:\Program Files (x86)\Microsoft Visual Studio 10.0\Common7\IDE\PrivateAssemblies\;C:\Program Files (x86)\Microsoft SQL Server\110\DTS\Binn\;C:\Program Files\Git\cmd;C:\Program Files\MySQL\MySQL Utilities 1.6\;C:\Program Files\MySQL\MySQL Shell 8.0\bin\;E:\APP\sts-4.3.0.RELEASE;
USERNAME=buing
OS=Windows_NT
PROCESSOR_IDENTIFIER=Intel64 Family 6 Model 61 Stepping 4, GenuineIntel



---------------  S Y S T E M  ---------------

OS: Windows 10.0 , 64 bit Build 17763 (10.0.17763.475)

CPU:total 4 (initial active 4) (2 cores per cpu, 2 threads per core) family 6 model 61 stepping 4, cmov, cx8, fxsr, mmx, sse, sse2, sse3, ssse3, sse4.1, sse4.2, popcnt, avx, avx2, aes, clmul, erms, 3dnowpref, lzcnt, ht, tsc, tscinvbit, bmi1, bmi2, adx

Memory: 4k page, physical 4103640k(371892k free), swap 12492248k(4k free)

vm_info: Java HotSpot(TM) 64-Bit Server VM (25.211-b12) for windows-amd64 JRE (1.8.0_211-b12), built on Apr  1 2019 20:53:26 by "java_re" with MS VC++ 10.0 (VS2010)

time: Mon Aug 05 01:49:47 2019
timezone: SE Asia Standard Time
elapsed time: 16 seconds (0d 0h 0m 16s)

